[debug] [2022-06-27T08:41:44.787Z] ----------------------------------------------------------------------
[debug] [2022-06-27T08:41:44.790Z] Command:       /usr/local/bin/node /usr/local/bin/firebase emulators:start
[debug] [2022-06-27T08:41:44.791Z] CLI Version:   11.1.0
[debug] [2022-06-27T08:41:44.791Z] Platform:      linux
[debug] [2022-06-27T08:41:44.792Z] Node Version:  v16.15.1
[debug] [2022-06-27T08:41:44.792Z] Time:          Mon Jun 27 2022 14:11:44 GMT+0530 (India Standard Time)
[debug] [2022-06-27T08:41:44.793Z] ----------------------------------------------------------------------
[debug] 
[debug] [2022-06-27T08:41:44.902Z] > command requires scopes: ["email","openid","https://www.googleapis.com/auth/cloudplatformprojects.readonly","https://www.googleapis.com/auth/firebase","https://www.googleapis.com/auth/cloud-platform"]
[debug] [2022-06-27T08:41:44.903Z] > authorizing via signed-in user (prathamdhimand06534@gmail.com)
[info] i  emulators: Starting emulators: functions, hosting {"metadata":{"emulator":{"name":"hub"},"message":"Starting emulators: functions, hosting"}}
[warn] ⚠  emulators: It seems that you are running multiple instances of the emulator suite for project clone-a18f1. This may result in unexpected behavior. 
[debug] [2022-06-27T08:41:44.956Z] [hub] writing locator at /tmp/hub-clone-a18f1.json
[warn] ⚠  functions: The following emulators are not running, calls to these services from the Functions emulator will affect production: auth, firestore, database, pubsub, storage {"metadata":{"emulator":{"name":"functions"},"message":"The following emulators are not running, calls to these services from the Functions emulator will affect production: \u001b[1mauth, firestore, database, pubsub, storage\u001b[22m"}}
[info] ✔  functions: Using node@16 from host. {"metadata":{"emulator":{"name":"functions"},"message":"Using node@16 from host."}}
[debug] [2022-06-27T08:41:49.996Z] defaultcredentials: writing to file /home/pratham/.config/firebase/prathamdhimand06534_gmail_com_application_default_credentials.json
[debug] [2022-06-27T08:41:49.998Z] Setting GAC to /home/pratham/.config/firebase/prathamdhimand06534_gmail_com_application_default_credentials.json {"metadata":{"emulator":{"name":"functions"},"message":"Setting GAC to /home/pratham/.config/firebase/prathamdhimand06534_gmail_com_application_default_credentials.json"}}
[debug] [2022-06-27T08:41:50.001Z] > refreshing access token with scopes: []
[debug] [2022-06-27T08:41:50.005Z] >>> [apiv2][query] POST https://www.googleapis.com/oauth2/v3/token [none]
[debug] [2022-06-27T08:41:50.005Z] >>> [apiv2][body] POST https://www.googleapis.com/oauth2/v3/token [omitted]
[debug] [2022-06-27T08:41:50.223Z] <<< [apiv2][status] POST https://www.googleapis.com/oauth2/v3/token 200
[debug] [2022-06-27T08:41:50.224Z] <<< [apiv2][body] POST https://www.googleapis.com/oauth2/v3/token [omitted]
[debug] [2022-06-27T08:41:50.240Z] >>> [apiv2][query] GET https://firebase.googleapis.com/v1beta1/projects/clone-a18f1/adminSdkConfig [none]
[debug] [2022-06-27T08:41:51.518Z] <<< [apiv2][status] GET https://firebase.googleapis.com/v1beta1/projects/clone-a18f1/adminSdkConfig 200
[debug] [2022-06-27T08:41:51.518Z] <<< [apiv2][body] GET https://firebase.googleapis.com/v1beta1/projects/clone-a18f1/adminSdkConfig {"projectId":"clone-a18f1","storageBucket":"clone-a18f1.appspot.com"}
[debug] [2022-06-27T08:41:51.543Z] >>> [apiv2][query] GET https://firebasehosting.googleapis.com/v1beta1/projects/clone-a18f1/sites 
[debug] [2022-06-27T08:41:53.564Z] <<< [apiv2][status] GET https://firebasehosting.googleapis.com/v1beta1/projects/clone-a18f1/sites 200
[debug] [2022-06-27T08:41:53.565Z] <<< [apiv2][body] GET https://firebasehosting.googleapis.com/v1beta1/projects/clone-a18f1/sites {"sites":[{"name":"projects/clone-a18f1/sites/clone-a18f1","defaultUrl":"https://clone-a18f1.web.app","type":"DEFAULT_SITE"}]}
[debug] [2022-06-27T08:41:53.565Z] >>> [apiv2][query] GET https://firebase.googleapis.com/v1beta1/projects/clone-a18f1/webApps/-/config [none]
[debug] [2022-06-27T08:41:54.997Z] <<< [apiv2][status] GET https://firebase.googleapis.com/v1beta1/projects/clone-a18f1/webApps/-/config 200
[debug] [2022-06-27T08:41:54.997Z] <<< [apiv2][body] GET https://firebase.googleapis.com/v1beta1/projects/clone-a18f1/webApps/-/config {"projectId":"clone-a18f1","appId":"1:1017872718667:web:a01eef0ba52e02685326ce","storageBucket":"clone-a18f1.appspot.com","apiKey":"AIzaSyB46XSFX3EYQYrErLxiCRVY67Kc8oUB9Oo","authDomain":"clone-a18f1.firebaseapp.com","messagingSenderId":"1017872718667","measurementId":"G-B6KMJFD3TP"}
[info] i  hosting: Serving hosting files from: build {"metadata":{"emulator":{"name":"hosting"},"message":"Serving hosting files from: \u001b[1mbuild\u001b[22m"}}
[info] ✔  hosting: Local server: http://localhost:5000 {"metadata":{"emulator":{"name":"hosting"},"message":"Local server: \u001b[4m\u001b[1mhttp://localhost:5000\u001b[22m\u001b[24m"}}
[warn] ⚠  ui: Emulator UI unable to start on port 4000, starting on 4003 instead. {"metadata":{"emulator":{"name":"ui"},"message":"Emulator UI unable to start on port 4000, starting on 4003 instead."}}
[debug] [2022-06-27T08:41:55.055Z] Ignoring unsupported arg: auto_download {"metadata":{"emulator":{"name":"ui"},"message":"Ignoring unsupported arg: auto_download"}}
[debug] [2022-06-27T08:41:55.055Z] Ignoring unsupported arg: port {"metadata":{"emulator":{"name":"ui"},"message":"Ignoring unsupported arg: port"}}
[debug] [2022-06-27T08:41:55.056Z] Starting Emulator UI with command {"binary":"node","args":["--dns-result-order=ipv4first","/home/pratham/.cache/firebase/emulators/ui-v1.7.0/server.bundle.js"],"optionalArgs":[],"joinArgs":false} {"metadata":{"emulator":{"name":"ui"},"message":"Starting Emulator UI with command {\"binary\":\"node\",\"args\":[\"--dns-result-order=ipv4first\",\"/home/pratham/.cache/firebase/emulators/ui-v1.7.0/server.bundle.js\"],\"optionalArgs\":[],\"joinArgs\":false}"}}
[info] i  ui: Emulator UI logging to ui-debug.log {"metadata":{"emulator":{"name":"ui"},"message":"Emulator UI logging to \u001b[1mui-debug.log\u001b[22m"}}
[debug] [2022-06-27T08:41:55.263Z] Web / API server started at localhost:4003
 {"metadata":{"emulator":{"name":"ui"},"message":"Web / API server started at localhost:4003\n"}}
[info] i  functions: Watching "/home/pratham/web_projects/amazon-clone/Amazon-clone/functions" for Cloud Functions... {"metadata":{"emulator":{"name":"functions"},"message":"Watching \"/home/pratham/web_projects/amazon-clone/Amazon-clone/functions\" for Cloud Functions..."}}
[debug] [2022-06-27T08:41:55.339Z] Validating nodejs source
[debug] [2022-06-27T08:41:57.200Z] > [functions] package.json contents: {
  "name": "functions",
  "description": "Cloud Functions for Firebase",
  "scripts": {
    "lint": "eslint .",
    "serve": "firebase emulators:start --only functions",
    "shell": "firebase functions:shell",
    "start": "npm run shell",
    "deploy": "firebase deploy --only functions",
    "logs": "firebase functions:log"
  },
  "engines": {
    "node": "16"
  },
  "main": "index.js",
  "dependencies": {
    "cors": "^2.8.5",
    "express": "^4.18.1",
    "firebase-admin": "^10.0.2",
    "firebase-functions": "^3.18.0",
    "stripe": "^9.10.0"
  },
  "devDependencies": {
    "eslint": "^8.9.0",
    "eslint-config-google": "^0.14.0",
    "firebase-functions-test": "^0.2.0"
  },
  "private": true
}
[debug] [2022-06-27T08:41:57.201Z] Building nodejs source
[debug] [2022-06-27T08:41:57.201Z] Analyzing nodejs backend spec
[debug] [2022-06-27T08:41:57.203Z] Could not find functions.yaml. Must use http discovery
[debug] [2022-06-27T08:41:57.504Z] Serving at port 9005

[debug] [2022-06-27T08:41:57.720Z] Got response from /__/functions.yaml {"endpoints":{"api":{"platform":"gcfv1","httpsTrigger":{},"entryPoint":"api"}},"specVersion":"v1alpha1","requiredAPIs":[]}
[debug] [2022-06-27T08:41:57.742Z] shutdown requested via /__/quitquitquit

[info] ✔  functions[us-central1-api]: http function initialized (http://localhost:5001/clone-a18f1/us-central1/api). {"metadata":{"emulator":{"name":"functions"},"message":"\u001b[1mhttp\u001b[22m function initialized (http://localhost:5001/clone-a18f1/us-central1/api)."}}
[info] 
┌─────────────────────────────────────────────────────────────┐
│ ✔  All emulators ready! It is now safe to connect your app. │
│ i  View Emulator UI at http://localhost:4003                │
└─────────────────────────────────────────────────────────────┘

┌───────────┬────────────────┬─────────────────────────────────┐
│ Emulator  │ Host:Port      │ View in Emulator UI             │
├───────────┼────────────────┼─────────────────────────────────┤
│ Functions │ localhost:5001 │ http://localhost:4003/functions │
├───────────┼────────────────┼─────────────────────────────────┤
│ Hosting   │ localhost:5000 │ n/a                             │
└───────────┴────────────────┴─────────────────────────────────┘
  Emulator Hub running at localhost:4400
  Other reserved ports: 4500

Issues? Report them at https://github.com/firebase/firebase-tools/issues and attach the *-debug.log files.
 
[debug] [2022-06-27T08:42:09.560Z] [work-queue] {"queueLength":1,"workRunningCount":0}
[debug] [2022-06-27T08:42:09.561Z] [work-queue] {"queueLength":0,"workRunningCount":1}
[debug] [2022-06-27T08:42:09.562Z] Accepted request POST /clone-a18f1/us-central1/api/payments/create?total=31364 --> us-central1-api
[debug] [2022-06-27T08:42:09.580Z] [worker-pool] addWorker(us-central1-api) {"metadata":{"emulator":{"name":"functions"},"message":"[worker-pool] addWorker(us-central1-api)"}}
[debug] [2022-06-27T08:42:09.581Z] [worker-pool] Adding worker with key us-central1-api, total=1 {"metadata":{"emulator":{"name":"functions"},"message":"[worker-pool] Adding worker with key us-central1-api, total=1"}}
[debug] [2022-06-27T08:42:09.582Z] [worker-pool] submitWork(triggerId=us-central1-api) {"metadata":{"emulator":{"name":"functions"},"message":"[worker-pool] submitWork(triggerId=us-central1-api)"}}
[debug] [2022-06-27T08:42:09.582Z] [worker-us-central1-api-0614368e-9416-4c63-bcbb-ec820f6861e3]: Assigning socketPath: /tmp/fire_emu_214316.sock {"metadata":{"emulator":{"name":"functions"},"message":"[worker-us-central1-api-0614368e-9416-4c63-bcbb-ec820f6861e3]: Assigning socketPath: /tmp/fire_emu_214316.sock"}}
[debug] [2022-06-27T08:42:09.583Z] [worker-us-central1-api-0614368e-9416-4c63-bcbb-ec820f6861e3]: BUSY {"metadata":{"emulator":{"name":"functions"},"message":"[worker-us-central1-api-0614368e-9416-4c63-bcbb-ec820f6861e3]: BUSY"}}
[debug] [2022-06-27T08:42:09.586Z] [work-queue] {"queueLength":1,"workRunningCount":1}
[debug] [2022-06-27T08:42:09.587Z] [work-queue] {"queueLength":0,"workRunningCount":2}
[debug] [2022-06-27T08:42:09.587Z] Accepted request POST /clone-a18f1/us-central1/api/payments/create?total=31364 --> us-central1-api
[debug] [2022-06-27T08:42:09.601Z] [worker-pool] addWorker(us-central1-api) {"metadata":{"emulator":{"name":"functions"},"message":"[worker-pool] addWorker(us-central1-api)"}}
[debug] [2022-06-27T08:42:09.602Z] [worker-pool] Adding worker with key us-central1-api, total=2 {"metadata":{"emulator":{"name":"functions"},"message":"[worker-pool] Adding worker with key us-central1-api, total=2"}}
[debug] [2022-06-27T08:42:09.603Z] [worker-pool] submitWork(triggerId=us-central1-api) {"metadata":{"emulator":{"name":"functions"},"message":"[worker-pool] submitWork(triggerId=us-central1-api)"}}
[debug] [2022-06-27T08:42:09.603Z] [worker-us-central1-api-3737cf01-360b-4da5-af4a-309dbc0c8867]: Assigning socketPath: /tmp/fire_emu_214322.sock {"metadata":{"emulator":{"name":"functions"},"message":"[worker-us-central1-api-3737cf01-360b-4da5-af4a-309dbc0c8867]: Assigning socketPath: /tmp/fire_emu_214322.sock"}}
[debug] [2022-06-27T08:42:09.603Z] [worker-us-central1-api-3737cf01-360b-4da5-af4a-309dbc0c8867]: BUSY {"metadata":{"emulator":{"name":"functions"},"message":"[worker-us-central1-api-3737cf01-360b-4da5-af4a-309dbc0c8867]: BUSY"}}
[debug] [2022-06-27T08:42:11.042Z] [runtime-status] [214316] Functions runtime initialized. {"cwd":"/home/pratham/web_projects/amazon-clone/Amazon-clone/functions","node_version":"16.15.1"} {"metadata":{"emulator":{"name":"functions"},"function":{"name":"us-central1-api"},"extension":{},"message":"[runtime-status] [214316] Functions runtime initialized. {\"cwd\":\"/home/pratham/web_projects/amazon-clone/Amazon-clone/functions\",\"node_version\":\"16.15.1\"}"}}
[debug] [2022-06-27T08:42:11.046Z] [runtime-status] [214316] Disabled runtime features: undefined {"metadata":{"emulator":{"name":"functions"},"function":{"name":"us-central1-api"},"extension":{},"message":"[runtime-status] [214316] Disabled runtime features: undefined"}}
[debug] [2022-06-27T08:42:11.052Z] [runtime-status] [214316] Resolved module firebase-admin {"declared":true,"installed":true,"version":"10.3.0","resolution":"/home/pratham/web_projects/amazon-clone/Amazon-clone/functions/node_modules/firebase-admin/lib/index.js"} {"metadata":{"emulator":{"name":"functions"},"function":{"name":"us-central1-api"},"extension":{},"message":"[runtime-status] [214316] Resolved module firebase-admin {\"declared\":true,\"installed\":true,\"version\":\"10.3.0\",\"resolution\":\"/home/pratham/web_projects/amazon-clone/Amazon-clone/functions/node_modules/firebase-admin/lib/index.js\"}"}}
[debug] [2022-06-27T08:42:11.055Z] [runtime-status] [214316] Resolved module firebase-functions {"declared":true,"installed":true,"version":"3.21.2","resolution":"/home/pratham/web_projects/amazon-clone/Amazon-clone/functions/node_modules/firebase-functions/lib/index.js"} {"metadata":{"emulator":{"name":"functions"},"function":{"name":"us-central1-api"},"extension":{},"message":"[runtime-status] [214316] Resolved module firebase-functions {\"declared\":true,\"installed\":true,\"version\":\"3.21.2\",\"resolution\":\"/home/pratham/web_projects/amazon-clone/Amazon-clone/functions/node_modules/firebase-functions/lib/index.js\"}"}}
[debug] [2022-06-27T08:42:11.055Z] [runtime-status] [214316] Outgoing network have been stubbed. [{"name":"http","status":"mocked"},{"name":"http","status":"mocked"},{"name":"https","status":"mocked"},{"name":"https","status":"mocked"},{"name":"net","status":"mocked"}] {"metadata":{"emulator":{"name":"functions"},"function":{"name":"us-central1-api"},"extension":{},"message":"[runtime-status] [214316] Outgoing network have been stubbed. [{\"name\":\"http\",\"status\":\"mocked\"},{\"name\":\"http\",\"status\":\"mocked\"},{\"name\":\"https\",\"status\":\"mocked\"},{\"name\":\"https\",\"status\":\"mocked\"},{\"name\":\"net\",\"status\":\"mocked\"}]"}}
[debug] [2022-06-27T08:42:11.058Z] [runtime-status] [214316] Resolved module firebase-functions {"declared":true,"installed":true,"version":"3.21.2","resolution":"/home/pratham/web_projects/amazon-clone/Amazon-clone/functions/node_modules/firebase-functions/lib/index.js"} {"metadata":{"emulator":{"name":"functions"},"function":{"name":"us-central1-api"},"extension":{},"message":"[runtime-status] [214316] Resolved module firebase-functions {\"declared\":true,\"installed\":true,\"version\":\"3.21.2\",\"resolution\":\"/home/pratham/web_projects/amazon-clone/Amazon-clone/functions/node_modules/firebase-functions/lib/index.js\"}"}}
[debug] [2022-06-27T08:42:11.143Z] [runtime-status] [214316] Checked functions.config() {"config":{}} {"metadata":{"emulator":{"name":"functions"},"function":{"name":"us-central1-api"},"extension":{},"message":"[runtime-status] [214316] Checked functions.config() {\"config\":{}}"}}
[debug] [2022-06-27T08:42:11.144Z] [runtime-status] [214316] firebase-functions has been stubbed. {"functionsResolution":{"declared":true,"installed":true,"version":"3.21.2","resolution":"/home/pratham/web_projects/amazon-clone/Amazon-clone/functions/node_modules/firebase-functions/lib/index.js"}} {"metadata":{"emulator":{"name":"functions"},"function":{"name":"us-central1-api"},"extension":{},"message":"[runtime-status] [214316] firebase-functions has been stubbed. {\"functionsResolution\":{\"declared\":true,\"installed\":true,\"version\":\"3.21.2\",\"resolution\":\"/home/pratham/web_projects/amazon-clone/Amazon-clone/functions/node_modules/firebase-functions/lib/index.js\"}}"}}
[debug] [2022-06-27T08:42:11.151Z] [runtime-status] [214316] Resolved module firebase-functions {"declared":true,"installed":true,"version":"3.21.2","resolution":"/home/pratham/web_projects/amazon-clone/Amazon-clone/functions/node_modules/firebase-functions/lib/index.js"} {"metadata":{"emulator":{"name":"functions"},"function":{"name":"us-central1-api"},"extension":{},"message":"[runtime-status] [214316] Resolved module firebase-functions {\"declared\":true,\"installed\":true,\"version\":\"3.21.2\",\"resolution\":\"/home/pratham/web_projects/amazon-clone/Amazon-clone/functions/node_modules/firebase-functions/lib/index.js\"}"}}
[debug] [2022-06-27T08:42:11.152Z] [runtime-status] [214316] Resolved module firebase-admin {"declared":true,"installed":true,"version":"10.3.0","resolution":"/home/pratham/web_projects/amazon-clone/Amazon-clone/functions/node_modules/firebase-admin/lib/index.js"} {"metadata":{"emulator":{"name":"functions"},"function":{"name":"us-central1-api"},"extension":{},"message":"[runtime-status] [214316] Resolved module firebase-admin {\"declared\":true,\"installed\":true,\"version\":\"10.3.0\",\"resolution\":\"/home/pratham/web_projects/amazon-clone/Amazon-clone/functions/node_modules/firebase-admin/lib/index.js\"}"}}
[debug] [2022-06-27T08:42:11.152Z] [runtime-status] [214316] Resolved module firebase-functions {"declared":true,"installed":true,"version":"3.21.2","resolution":"/home/pratham/web_projects/amazon-clone/Amazon-clone/functions/node_modules/firebase-functions/lib/index.js"} {"metadata":{"emulator":{"name":"functions"},"function":{"name":"us-central1-api"},"extension":{},"message":"[runtime-status] [214316] Resolved module firebase-functions {\"declared\":true,\"installed\":true,\"version\":\"3.21.2\",\"resolution\":\"/home/pratham/web_projects/amazon-clone/Amazon-clone/functions/node_modules/firebase-functions/lib/index.js\"}"}}
[debug] [2022-06-27T08:42:11.153Z] [runtime-status] [214316] firebase-admin has been stubbed. {"adminResolution":{"declared":true,"installed":true,"version":"10.3.0","resolution":"/home/pratham/web_projects/amazon-clone/Amazon-clone/functions/node_modules/firebase-admin/lib/index.js"}} {"metadata":{"emulator":{"name":"functions"},"function":{"name":"us-central1-api"},"extension":{},"message":"[runtime-status] [214316] firebase-admin has been stubbed. {\"adminResolution\":{\"declared\":true,\"installed\":true,\"version\":\"10.3.0\",\"resolution\":\"/home/pratham/web_projects/amazon-clone/Amazon-clone/functions/node_modules/firebase-admin/lib/index.js\"}}"}}
[debug] [2022-06-27T08:42:11.179Z] [runtime-status] [214322] Functions runtime initialized. {"cwd":"/home/pratham/web_projects/amazon-clone/Amazon-clone/functions","node_version":"16.15.1"} {"metadata":{"emulator":{"name":"functions"},"function":{"name":"us-central1-api"},"extension":{},"message":"[runtime-status] [214322] Functions runtime initialized. {\"cwd\":\"/home/pratham/web_projects/amazon-clone/Amazon-clone/functions\",\"node_version\":\"16.15.1\"}"}}
[debug] [2022-06-27T08:42:11.183Z] [runtime-status] [214322] Disabled runtime features: undefined {"metadata":{"emulator":{"name":"functions"},"function":{"name":"us-central1-api"},"extension":{},"message":"[runtime-status] [214322] Disabled runtime features: undefined"}}
[debug] [2022-06-27T08:42:11.187Z] [runtime-status] [214322] Resolved module firebase-admin {"declared":true,"installed":true,"version":"10.3.0","resolution":"/home/pratham/web_projects/amazon-clone/Amazon-clone/functions/node_modules/firebase-admin/lib/index.js"} {"metadata":{"emulator":{"name":"functions"},"function":{"name":"us-central1-api"},"extension":{},"message":"[runtime-status] [214322] Resolved module firebase-admin {\"declared\":true,\"installed\":true,\"version\":\"10.3.0\",\"resolution\":\"/home/pratham/web_projects/amazon-clone/Amazon-clone/functions/node_modules/firebase-admin/lib/index.js\"}"}}
[debug] [2022-06-27T08:42:11.189Z] [runtime-status] [214322] Resolved module firebase-functions {"declared":true,"installed":true,"version":"3.21.2","resolution":"/home/pratham/web_projects/amazon-clone/Amazon-clone/functions/node_modules/firebase-functions/lib/index.js"} {"metadata":{"emulator":{"name":"functions"},"function":{"name":"us-central1-api"},"extension":{},"message":"[runtime-status] [214322] Resolved module firebase-functions {\"declared\":true,\"installed\":true,\"version\":\"3.21.2\",\"resolution\":\"/home/pratham/web_projects/amazon-clone/Amazon-clone/functions/node_modules/firebase-functions/lib/index.js\"}"}}
[debug] [2022-06-27T08:42:11.192Z] [runtime-status] [214322] Outgoing network have been stubbed. [{"name":"http","status":"mocked"},{"name":"http","status":"mocked"},{"name":"https","status":"mocked"},{"name":"https","status":"mocked"},{"name":"net","status":"mocked"}] {"metadata":{"emulator":{"name":"functions"},"function":{"name":"us-central1-api"},"extension":{},"message":"[runtime-status] [214322] Outgoing network have been stubbed. [{\"name\":\"http\",\"status\":\"mocked\"},{\"name\":\"http\",\"status\":\"mocked\"},{\"name\":\"https\",\"status\":\"mocked\"},{\"name\":\"https\",\"status\":\"mocked\"},{\"name\":\"net\",\"status\":\"mocked\"}]"}}
[debug] [2022-06-27T08:42:11.194Z] [runtime-status] [214322] Resolved module firebase-functions {"declared":true,"installed":true,"version":"3.21.2","resolution":"/home/pratham/web_projects/amazon-clone/Amazon-clone/functions/node_modules/firebase-functions/lib/index.js"} {"metadata":{"emulator":{"name":"functions"},"function":{"name":"us-central1-api"},"extension":{},"message":"[runtime-status] [214322] Resolved module firebase-functions {\"declared\":true,\"installed\":true,\"version\":\"3.21.2\",\"resolution\":\"/home/pratham/web_projects/amazon-clone/Amazon-clone/functions/node_modules/firebase-functions/lib/index.js\"}"}}
[debug] [2022-06-27T08:42:11.257Z] [runtime-status] [214322] Checked functions.config() {"config":{}} {"metadata":{"emulator":{"name":"functions"},"function":{"name":"us-central1-api"},"extension":{},"message":"[runtime-status] [214322] Checked functions.config() {\"config\":{}}"}}
[debug] [2022-06-27T08:42:11.257Z] [runtime-status] [214322] firebase-functions has been stubbed. {"functionsResolution":{"declared":true,"installed":true,"version":"3.21.2","resolution":"/home/pratham/web_projects/amazon-clone/Amazon-clone/functions/node_modules/firebase-functions/lib/index.js"}} {"metadata":{"emulator":{"name":"functions"},"function":{"name":"us-central1-api"},"extension":{},"message":"[runtime-status] [214322] firebase-functions has been stubbed. {\"functionsResolution\":{\"declared\":true,\"installed\":true,\"version\":\"3.21.2\",\"resolution\":\"/home/pratham/web_projects/amazon-clone/Amazon-clone/functions/node_modules/firebase-functions/lib/index.js\"}}"}}
[debug] [2022-06-27T08:42:11.261Z] [runtime-status] [214322] Resolved module firebase-functions {"declared":true,"installed":true,"version":"3.21.2","resolution":"/home/pratham/web_projects/amazon-clone/Amazon-clone/functions/node_modules/firebase-functions/lib/index.js"} {"metadata":{"emulator":{"name":"functions"},"function":{"name":"us-central1-api"},"extension":{},"message":"[runtime-status] [214322] Resolved module firebase-functions {\"declared\":true,\"installed\":true,\"version\":\"3.21.2\",\"resolution\":\"/home/pratham/web_projects/amazon-clone/Amazon-clone/functions/node_modules/firebase-functions/lib/index.js\"}"}}
[debug] [2022-06-27T08:42:11.263Z] [runtime-status] [214322] Resolved module firebase-admin {"declared":true,"installed":true,"version":"10.3.0","resolution":"/home/pratham/web_projects/amazon-clone/Amazon-clone/functions/node_modules/firebase-admin/lib/index.js"} {"metadata":{"emulator":{"name":"functions"},"function":{"name":"us-central1-api"},"extension":{},"message":"[runtime-status] [214322] Resolved module firebase-admin {\"declared\":true,\"installed\":true,\"version\":\"10.3.0\",\"resolution\":\"/home/pratham/web_projects/amazon-clone/Amazon-clone/functions/node_modules/firebase-admin/lib/index.js\"}"}}
[debug] [2022-06-27T08:42:11.265Z] [runtime-status] [214322] Resolved module firebase-functions {"declared":true,"installed":true,"version":"3.21.2","resolution":"/home/pratham/web_projects/amazon-clone/Amazon-clone/functions/node_modules/firebase-functions/lib/index.js"} {"metadata":{"emulator":{"name":"functions"},"function":{"name":"us-central1-api"},"extension":{},"message":"[runtime-status] [214322] Resolved module firebase-functions {\"declared\":true,\"installed\":true,\"version\":\"3.21.2\",\"resolution\":\"/home/pratham/web_projects/amazon-clone/Amazon-clone/functions/node_modules/firebase-functions/lib/index.js\"}"}}
[debug] [2022-06-27T08:42:11.265Z] [runtime-status] [214322] firebase-admin has been stubbed. {"adminResolution":{"declared":true,"installed":true,"version":"10.3.0","resolution":"/home/pratham/web_projects/amazon-clone/Amazon-clone/functions/node_modules/firebase-admin/lib/index.js"}} {"metadata":{"emulator":{"name":"functions"},"function":{"name":"us-central1-api"},"extension":{},"message":"[runtime-status] [214322] firebase-admin has been stubbed. {\"adminResolution\":{\"declared\":true,\"installed\":true,\"version\":\"10.3.0\",\"resolution\":\"/home/pratham/web_projects/amazon-clone/Amazon-clone/functions/node_modules/firebase-admin/lib/index.js\"}}"}}
[debug] [2022-06-27T08:42:11.321Z] [runtime-status] [214316] Beginning invocation function api! {"metadata":{"emulator":{"name":"functions"},"function":{"name":"us-central1-api"},"extension":{},"message":"[runtime-status] [214316] Beginning invocation function api!"}}
[info] i  functions: Beginning execution of "api" {"metadata":{"emulator":{"name":"functions"},"function":{"name":"us-central1-api"},"extension":{},"message":"Beginning execution of \"api\""}}
[debug] [2022-06-27T08:42:11.323Z] [runtime-status] [214316] Running api in signature http {"metadata":{"emulator":{"name":"functions"},"function":{"name":"us-central1-api"},"extension":{},"message":"[runtime-status] [214316] Running api in signature http"}}
[debug] [2022-06-27T08:42:11.329Z] [runtime-status] [214316] Attempting to listen to socketPath: /tmp/fire_emu_214316.sock {"metadata":{"emulator":{"name":"functions"},"function":{"name":"us-central1-api"},"extension":{},"message":"[runtime-status] [214316] Attempting to listen to socketPath: /tmp/fire_emu_214316.sock"}}
[debug] [2022-06-27T08:42:11.337Z] [functions] Runtime ready! Sending request! {"metadata":{"emulator":{"name":"functions"},"message":"[functions] Runtime ready! Sending request!"}}
[debug] [2022-06-27T08:42:11.339Z] [functions] Got req.url=/clone-a18f1/us-central1/api/payments/create?total=31364, mapping to path=/payments/create?total=31364 {"metadata":{"emulator":{"name":"functions"},"message":"[functions] Got req.url=/clone-a18f1/us-central1/api/payments/create?total=31364, mapping to path=/payments/create?total=31364"}}
[debug] [2022-06-27T08:42:11.351Z] [runtime-status] [214316] Ephemeral server handling POST request {"metadata":{"emulator":{"name":"functions"},"function":{"name":"us-central1-api"},"extension":{},"message":"[runtime-status] [214316] Ephemeral server handling POST request"}}
[info] >  Payment Request Recieved BOOM!!! for this amount >>>  31364 {"user":"Payment Request Recieved BOOM!!! for this amount >>>  31364","metadata":{"emulator":{"name":"functions"},"function":{"name":"us-central1-api"},"extension":{},"message":"\u001b[90m> \u001b[39m Payment Request Recieved BOOM!!! for this amount >>>  31364"}}
[debug] [2022-06-27T08:42:11.375Z] [runtime-status] [214316] Ephemeral server survived. {"metadata":{"emulator":{"name":"functions"},"function":{"name":"us-central1-api"},"extension":{},"message":"[runtime-status] [214316] Ephemeral server survived."}}
[debug] [2022-06-27T08:42:11.430Z] [runtime-status] [214322] Beginning invocation function api! {"metadata":{"emulator":{"name":"functions"},"function":{"name":"us-central1-api"},"extension":{},"message":"[runtime-status] [214322] Beginning invocation function api!"}}
[info] i  functions: Beginning execution of "api" {"metadata":{"emulator":{"name":"functions"},"function":{"name":"us-central1-api"},"extension":{},"message":"Beginning execution of \"api\""}}
[debug] [2022-06-27T08:42:11.431Z] [runtime-status] [214322] Running api in signature http {"metadata":{"emulator":{"name":"functions"},"function":{"name":"us-central1-api"},"extension":{},"message":"[runtime-status] [214322] Running api in signature http"}}
[debug] [2022-06-27T08:42:11.438Z] [runtime-status] [214322] Attempting to listen to socketPath: /tmp/fire_emu_214322.sock {"metadata":{"emulator":{"name":"functions"},"function":{"name":"us-central1-api"},"extension":{},"message":"[runtime-status] [214322] Attempting to listen to socketPath: /tmp/fire_emu_214322.sock"}}
[debug] [2022-06-27T08:42:11.444Z] [functions] Runtime ready! Sending request! {"metadata":{"emulator":{"name":"functions"},"message":"[functions] Runtime ready! Sending request!"}}
[debug] [2022-06-27T08:42:11.445Z] [functions] Got req.url=/clone-a18f1/us-central1/api/payments/create?total=31364, mapping to path=/payments/create?total=31364 {"metadata":{"emulator":{"name":"functions"},"message":"[functions] Got req.url=/clone-a18f1/us-central1/api/payments/create?total=31364, mapping to path=/payments/create?total=31364"}}
[debug] [2022-06-27T08:42:11.456Z] [runtime-status] [214322] Ephemeral server handling POST request {"metadata":{"emulator":{"name":"functions"},"function":{"name":"us-central1-api"},"extension":{},"message":"[runtime-status] [214322] Ephemeral server handling POST request"}}
[info] >  Payment Request Recieved BOOM!!! for this amount >>>  31364 {"user":"Payment Request Recieved BOOM!!! for this amount >>>  31364","metadata":{"emulator":{"name":"functions"},"function":{"name":"us-central1-api"},"extension":{},"message":"\u001b[90m> \u001b[39m Payment Request Recieved BOOM!!! for this amount >>>  31364"}}
[debug] [2022-06-27T08:42:11.478Z] [runtime-status] [214322] Ephemeral server survived. {"metadata":{"emulator":{"name":"functions"},"function":{"name":"us-central1-api"},"extension":{},"message":"[runtime-status] [214322] Ephemeral server survived."}}
[info] i  functions: Finished "api" in ~10s {"metadata":{"emulator":{"name":"functions"},"function":{"name":"us-central1-api"},"extension":{},"message":"Finished \"api\" in ~10s"}}
[debug] [2022-06-27T08:42:22.348Z] [worker-us-central1-api-3737cf01-360b-4da5-af4a-309dbc0c8867]: IDLE {"metadata":{"emulator":{"name":"functions"},"message":"[worker-us-central1-api-3737cf01-360b-4da5-af4a-309dbc0c8867]: IDLE"}}
[debug] [2022-06-27T08:42:22.349Z] [work-queue] {"queueLength":0,"workRunningCount":1}
[info] i  functions: Finished "api" in ~10s {"metadata":{"emulator":{"name":"functions"},"function":{"name":"us-central1-api"},"extension":{},"message":"Finished \"api\" in ~10s"}}
[debug] [2022-06-27T08:42:22.351Z] [worker-us-central1-api-0614368e-9416-4c63-bcbb-ec820f6861e3]: IDLE {"metadata":{"emulator":{"name":"functions"},"message":"[worker-us-central1-api-0614368e-9416-4c63-bcbb-ec820f6861e3]: IDLE"}}
[debug] [2022-06-27T08:42:22.352Z] [work-queue] {"queueLength":0,"workRunningCount":0}
[debug] [2022-06-27T08:42:58.839Z] [work-queue] {"queueLength":1,"workRunningCount":0}
[debug] [2022-06-27T08:42:58.839Z] [work-queue] {"queueLength":0,"workRunningCount":1}
[debug] [2022-06-27T08:42:58.839Z] Accepted request POST /clone-a18f1/us-central1/api/payments/create?total=0 --> us-central1-api
[debug] [2022-06-27T08:42:58.840Z] [worker-pool] submitWork(triggerId=us-central1-api) {"metadata":{"emulator":{"name":"functions"},"message":"[worker-pool] submitWork(triggerId=us-central1-api)"}}
[debug] [2022-06-27T08:42:58.840Z] [worker-us-central1-api-0614368e-9416-4c63-bcbb-ec820f6861e3]: Assigning socketPath: /tmp/fire_emu_214316.sock {"metadata":{"emulator":{"name":"functions"},"message":"[worker-us-central1-api-0614368e-9416-4c63-bcbb-ec820f6861e3]: Assigning socketPath: /tmp/fire_emu_214316.sock"}}
[debug] [2022-06-27T08:42:58.840Z] [worker-us-central1-api-0614368e-9416-4c63-bcbb-ec820f6861e3]: BUSY {"metadata":{"emulator":{"name":"functions"},"message":"[worker-us-central1-api-0614368e-9416-4c63-bcbb-ec820f6861e3]: BUSY"}}
[debug] [2022-06-27T08:42:58.842Z] [runtime-status] [214316] Beginning invocation function api! {"metadata":{"emulator":{"name":"functions"},"function":{"name":"us-central1-api"},"extension":{},"message":"[runtime-status] [214316] Beginning invocation function api!"}}
[info] i  functions: Beginning execution of "api" {"metadata":{"emulator":{"name":"functions"},"function":{"name":"us-central1-api"},"extension":{},"message":"Beginning execution of \"api\""}}
[debug] [2022-06-27T08:42:58.843Z] [runtime-status] [214316] Running api in signature http {"metadata":{"emulator":{"name":"functions"},"function":{"name":"us-central1-api"},"extension":{},"message":"[runtime-status] [214316] Running api in signature http"}}
[debug] [2022-06-27T08:42:58.845Z] [work-queue] {"queueLength":1,"workRunningCount":1}
[debug] [2022-06-27T08:42:58.845Z] [work-queue] {"queueLength":0,"workRunningCount":2}
[debug] [2022-06-27T08:42:58.845Z] Accepted request POST /clone-a18f1/us-central1/api/payments/create?total=0 --> us-central1-api
[debug] [2022-06-27T08:42:58.845Z] [worker-pool] submitWork(triggerId=us-central1-api) {"metadata":{"emulator":{"name":"functions"},"message":"[worker-pool] submitWork(triggerId=us-central1-api)"}}
[debug] [2022-06-27T08:42:58.846Z] [worker-us-central1-api-3737cf01-360b-4da5-af4a-309dbc0c8867]: Assigning socketPath: /tmp/fire_emu_214322.sock {"metadata":{"emulator":{"name":"functions"},"message":"[worker-us-central1-api-3737cf01-360b-4da5-af4a-309dbc0c8867]: Assigning socketPath: /tmp/fire_emu_214322.sock"}}
[debug] [2022-06-27T08:42:58.846Z] [worker-us-central1-api-3737cf01-360b-4da5-af4a-309dbc0c8867]: BUSY {"metadata":{"emulator":{"name":"functions"},"message":"[worker-us-central1-api-3737cf01-360b-4da5-af4a-309dbc0c8867]: BUSY"}}
[debug] [2022-06-27T08:42:58.847Z] [runtime-status] [214316] Attempting to listen to socketPath: /tmp/fire_emu_214316.sock {"metadata":{"emulator":{"name":"functions"},"function":{"name":"us-central1-api"},"extension":{},"message":"[runtime-status] [214316] Attempting to listen to socketPath: /tmp/fire_emu_214316.sock"}}
[debug] [2022-06-27T08:42:58.849Z] [functions] Runtime ready! Sending request! {"metadata":{"emulator":{"name":"functions"},"message":"[functions] Runtime ready! Sending request!"}}
[debug] [2022-06-27T08:42:58.850Z] [functions] Got req.url=/clone-a18f1/us-central1/api/payments/create?total=0, mapping to path=/payments/create?total=0 {"metadata":{"emulator":{"name":"functions"},"message":"[functions] Got req.url=/clone-a18f1/us-central1/api/payments/create?total=0, mapping to path=/payments/create?total=0"}}
[debug] [2022-06-27T08:42:58.852Z] [runtime-status] [214322] Beginning invocation function api! {"metadata":{"emulator":{"name":"functions"},"function":{"name":"us-central1-api"},"extension":{},"message":"[runtime-status] [214322] Beginning invocation function api!"}}
[info] i  functions: Beginning execution of "api" {"metadata":{"emulator":{"name":"functions"},"function":{"name":"us-central1-api"},"extension":{},"message":"Beginning execution of \"api\""}}
[debug] [2022-06-27T08:42:58.853Z] [runtime-status] [214322] Running api in signature http {"metadata":{"emulator":{"name":"functions"},"function":{"name":"us-central1-api"},"extension":{},"message":"[runtime-status] [214322] Running api in signature http"}}
[debug] [2022-06-27T08:42:58.853Z] [runtime-status] [214322] Attempting to listen to socketPath: /tmp/fire_emu_214322.sock {"metadata":{"emulator":{"name":"functions"},"function":{"name":"us-central1-api"},"extension":{},"message":"[runtime-status] [214322] Attempting to listen to socketPath: /tmp/fire_emu_214322.sock"}}
[debug] [2022-06-27T08:42:58.856Z] [functions] Runtime ready! Sending request! {"metadata":{"emulator":{"name":"functions"},"message":"[functions] Runtime ready! Sending request!"}}
[debug] [2022-06-27T08:42:58.856Z] [functions] Got req.url=/clone-a18f1/us-central1/api/payments/create?total=0, mapping to path=/payments/create?total=0 {"metadata":{"emulator":{"name":"functions"},"message":"[functions] Got req.url=/clone-a18f1/us-central1/api/payments/create?total=0, mapping to path=/payments/create?total=0"}}
[debug] [2022-06-27T08:42:58.861Z] [runtime-status] [214316] Ephemeral server handling POST request {"metadata":{"emulator":{"name":"functions"},"function":{"name":"us-central1-api"},"extension":{},"message":"[runtime-status] [214316] Ephemeral server handling POST request"}}
[info] >  Payment Request Recieved BOOM!!! for this amount >>>  0 {"user":"Payment Request Recieved BOOM!!! for this amount >>>  0","metadata":{"emulator":{"name":"functions"},"function":{"name":"us-central1-api"},"extension":{},"message":"\u001b[90m> \u001b[39m Payment Request Recieved BOOM!!! for this amount >>>  0"}}
[debug] [2022-06-27T08:42:58.863Z] [runtime-status] [214322] Ephemeral server handling POST request {"metadata":{"emulator":{"name":"functions"},"function":{"name":"us-central1-api"},"extension":{},"message":"[runtime-status] [214322] Ephemeral server handling POST request"}}
[info] >  Payment Request Recieved BOOM!!! for this amount >>>  0 {"user":"Payment Request Recieved BOOM!!! for this amount >>>  0","metadata":{"emulator":{"name":"functions"},"function":{"name":"us-central1-api"},"extension":{},"message":"\u001b[90m> \u001b[39m Payment Request Recieved BOOM!!! for this amount >>>  0"}}
[debug] [2022-06-27T08:42:58.865Z] [runtime-status] [214316] Ephemeral server survived. {"metadata":{"emulator":{"name":"functions"},"function":{"name":"us-central1-api"},"extension":{},"message":"[runtime-status] [214316] Ephemeral server survived."}}
[debug] [2022-06-27T08:42:58.866Z] [runtime-status] [214322] Ephemeral server survived. {"metadata":{"emulator":{"name":"functions"},"function":{"name":"us-central1-api"},"extension":{},"message":"[runtime-status] [214322] Ephemeral server survived."}}
[info] >  /home/pratham/web_projects/amazon-clone/Amazon-clone/functions/node_modules/stripe/lib/Error.js:40 {"user":"/home/pratham/web_projects/amazon-clone/Amazon-clone/functions/node_modules/stripe/lib/Error.js:40","metadata":{"emulator":{"name":"functions"},"function":{"name":"us-central1-api"},"extension":{},"message":"\u001b[90m> \u001b[39m /home/pratham/web_projects/amazon-clone/Amazon-clone/functions/node_modules/stripe/lib/Error.js:40"}}
[info] >          return new StripeInvalidRequestError(rawStripeError); {"user":"        return new StripeInvalidRequestError(rawStripeError);","metadata":{"emulator":{"name":"functions"},"function":{"name":"us-central1-api"},"extension":{},"message":"\u001b[90m> \u001b[39m         return new StripeInvalidRequestError(rawStripeError);"}}
[info] >                 ^ {"user":"               ^","metadata":{"emulator":{"name":"functions"},"function":{"name":"us-central1-api"},"extension":{},"message":"\u001b[90m> \u001b[39m                ^"}}
[info] >   {"user":"","metadata":{"emulator":{"name":"functions"},"function":{"name":"us-central1-api"},"extension":{},"message":"\u001b[90m> \u001b[39m "}}
[info] >  StripeInvalidRequestError: This value must be greater than or equal to 1. {"user":"StripeInvalidRequestError: This value must be greater than or equal to 1.","metadata":{"emulator":{"name":"functions"},"function":{"name":"us-central1-api"},"extension":{},"message":"\u001b[90m> \u001b[39m StripeInvalidRequestError: This value must be greater than or equal to 1."}}
[info] >      at Function.generate (/home/pratham/web_projects/amazon-clone/Amazon-clone/functions/node_modules/stripe/lib/Error.js:40:16) {"user":"    at Function.generate (/home/pratham/web_projects/amazon-clone/Amazon-clone/functions/node_modules/stripe/lib/Error.js:40:16)","metadata":{"emulator":{"name":"functions"},"function":{"name":"us-central1-api"},"extension":{},"message":"\u001b[90m> \u001b[39m     at Function.generate (/home/pratham/web_projects/amazon-clone/Amazon-clone/functions/node_modules/stripe/lib/Error.js:40:16)"}}
[info] >      at res.toJSON.then.StripeAPIError.message (/home/pratham/web_projects/amazon-clone/Amazon-clone/functions/node_modules/stripe/lib/StripeResource.js:226:35) {"user":"    at res.toJSON.then.StripeAPIError.message (/home/pratham/web_projects/amazon-clone/Amazon-clone/functions/node_modules/stripe/lib/StripeResource.js:226:35)","metadata":{"emulator":{"name":"functions"},"function":{"name":"us-central1-api"},"extension":{},"message":"\u001b[90m> \u001b[39m     at res.toJSON.then.StripeAPIError.message (/home/pratham/web_projects/amazon-clone/Amazon-clone/functions/node_modules/stripe/lib/StripeResource.js:226:35)"}}
[info] >      at processTicksAndRejections (node:internal/process/task_queues:96:5) { {"user":"    at processTicksAndRejections (node:internal/process/task_queues:96:5) {","metadata":{"emulator":{"name":"functions"},"function":{"name":"us-central1-api"},"extension":{},"message":"\u001b[90m> \u001b[39m     at processTicksAndRejections (node:internal/process/task_queues:96:5) {"}}
[info] >    type: 'StripeInvalidRequestError', {"user":"  type: 'StripeInvalidRequestError',","metadata":{"emulator":{"name":"functions"},"function":{"name":"us-central1-api"},"extension":{},"message":"\u001b[90m> \u001b[39m   type: 'StripeInvalidRequestError',"}}
[info] >    raw: { {"user":"  raw: {","metadata":{"emulator":{"name":"functions"},"function":{"name":"us-central1-api"},"extension":{},"message":"\u001b[90m> \u001b[39m   raw: {"}}
[info] >      code: 'parameter_invalid_integer', {"user":"    code: 'parameter_invalid_integer',","metadata":{"emulator":{"name":"functions"},"function":{"name":"us-central1-api"},"extension":{},"message":"\u001b[90m> \u001b[39m     code: 'parameter_invalid_integer',"}}
[info] >      doc_url: 'https://stripe.com/docs/error-codes/parameter-invalid-integer', {"user":"    doc_url: 'https://stripe.com/docs/error-codes/parameter-invalid-integer',","metadata":{"emulator":{"name":"functions"},"function":{"name":"us-central1-api"},"extension":{},"message":"\u001b[90m> \u001b[39m     doc_url: 'https://stripe.com/docs/error-codes/parameter-invalid-integer',"}}
[info] >      message: 'This value must be greater than or equal to 1.', {"user":"    message: 'This value must be greater than or equal to 1.',","metadata":{"emulator":{"name":"functions"},"function":{"name":"us-central1-api"},"extension":{},"message":"\u001b[90m> \u001b[39m     message: 'This value must be greater than or equal to 1.',"}}
[info] >      param: 'amount', {"user":"    param: 'amount',","metadata":{"emulator":{"name":"functions"},"function":{"name":"us-central1-api"},"extension":{},"message":"\u001b[90m> \u001b[39m     param: 'amount',"}}
[info] >      type: 'invalid_request_error', {"user":"    type: 'invalid_request_error',","metadata":{"emulator":{"name":"functions"},"function":{"name":"us-central1-api"},"extension":{},"message":"\u001b[90m> \u001b[39m     type: 'invalid_request_error',"}}
[info] >      headers: { {"user":"    headers: {","metadata":{"emulator":{"name":"functions"},"function":{"name":"us-central1-api"},"extension":{},"message":"\u001b[90m> \u001b[39m     headers: {"}}
[info] >        server: 'nginx', {"user":"      server: 'nginx',","metadata":{"emulator":{"name":"functions"},"function":{"name":"us-central1-api"},"extension":{},"message":"\u001b[90m> \u001b[39m       server: 'nginx',"}}
[info] >        date: 'Mon, 27 Jun 2022 08:42:59 GMT', {"user":"      date: 'Mon, 27 Jun 2022 08:42:59 GMT',","metadata":{"emulator":{"name":"functions"},"function":{"name":"us-central1-api"},"extension":{},"message":"\u001b[90m> \u001b[39m       date: 'Mon, 27 Jun 2022 08:42:59 GMT',"}}
[info] >        'content-type': 'application/json', {"user":"      'content-type': 'application/json',","metadata":{"emulator":{"name":"functions"},"function":{"name":"us-central1-api"},"extension":{},"message":"\u001b[90m> \u001b[39m       'content-type': 'application/json',"}}
[info] >        'content-length': '266', {"user":"      'content-length': '266',","metadata":{"emulator":{"name":"functions"},"function":{"name":"us-central1-api"},"extension":{},"message":"\u001b[90m> \u001b[39m       'content-length': '266',"}}
[info] >        connection: 'keep-alive', {"user":"      connection: 'keep-alive',","metadata":{"emulator":{"name":"functions"},"function":{"name":"us-central1-api"},"extension":{},"message":"\u001b[90m> \u001b[39m       connection: 'keep-alive',"}}
[info] >        'access-control-allow-credentials': 'true', {"user":"      'access-control-allow-credentials': 'true',","metadata":{"emulator":{"name":"functions"},"function":{"name":"us-central1-api"},"extension":{},"message":"\u001b[90m> \u001b[39m       'access-control-allow-credentials': 'true',"}}
[info] >        'access-control-allow-methods': 'GET, POST, HEAD, OPTIONS, DELETE', {"user":"      'access-control-allow-methods': 'GET, POST, HEAD, OPTIONS, DELETE',","metadata":{"emulator":{"name":"functions"},"function":{"name":"us-central1-api"},"extension":{},"message":"\u001b[90m> \u001b[39m       'access-control-allow-methods': 'GET, POST, HEAD, OPTIONS, DELETE',"}}
[info] >        'access-control-allow-origin': '*', {"user":"      'access-control-allow-origin': '*',","metadata":{"emulator":{"name":"functions"},"function":{"name":"us-central1-api"},"extension":{},"message":"\u001b[90m> \u001b[39m       'access-control-allow-origin': '*',"}}
[info] >        'access-control-expose-headers': 'Request-Id, Stripe-Manage-Version, X-Stripe-External-Auth-Required, X-Stripe-Privileged-Session-Required', {"user":"      'access-control-expose-headers': 'Request-Id, Stripe-Manage-Version, X-Stripe-External-Auth-Required, X-Stripe-Privileged-Session-Required',","metadata":{"emulator":{"name":"functions"},"function":{"name":"us-central1-api"},"extension":{},"message":"\u001b[90m> \u001b[39m       'access-control-expose-headers': 'Request-Id, Stripe-Manage-Version, X-Stripe-External-Auth-Required, X-Stripe-Privileged-Session-Required',"}}
[info] >        'access-control-max-age': '300', {"user":"      'access-control-max-age': '300',","metadata":{"emulator":{"name":"functions"},"function":{"name":"us-central1-api"},"extension":{},"message":"\u001b[90m> \u001b[39m       'access-control-max-age': '300',"}}
[info] >        'cache-control': 'no-cache, no-store', {"user":"      'cache-control': 'no-cache, no-store',","metadata":{"emulator":{"name":"functions"},"function":{"name":"us-central1-api"},"extension":{},"message":"\u001b[90m> \u001b[39m       'cache-control': 'no-cache, no-store',"}}
[info] >        'idempotency-key': 'b689389d-d8a5-45da-adf3-cea3a11c6763', {"user":"      'idempotency-key': 'b689389d-d8a5-45da-adf3-cea3a11c6763',","metadata":{"emulator":{"name":"functions"},"function":{"name":"us-central1-api"},"extension":{},"message":"\u001b[90m> \u001b[39m       'idempotency-key': 'b689389d-d8a5-45da-adf3-cea3a11c6763',"}}
[info] >        'original-request': 'req_65RvJ0IsJPX5Mg', {"user":"      'original-request': 'req_65RvJ0IsJPX5Mg',","metadata":{"emulator":{"name":"functions"},"function":{"name":"us-central1-api"},"extension":{},"message":"\u001b[90m> \u001b[39m       'original-request': 'req_65RvJ0IsJPX5Mg',"}}
[info] >        'request-id': 'req_65RvJ0IsJPX5Mg', {"user":"      'request-id': 'req_65RvJ0IsJPX5Mg',","metadata":{"emulator":{"name":"functions"},"function":{"name":"us-central1-api"},"extension":{},"message":"\u001b[90m> \u001b[39m       'request-id': 'req_65RvJ0IsJPX5Mg',"}}
[info] >        'stripe-version': '2020-08-27', {"user":"      'stripe-version': '2020-08-27',","metadata":{"emulator":{"name":"functions"},"function":{"name":"us-central1-api"},"extension":{},"message":"\u001b[90m> \u001b[39m       'stripe-version': '2020-08-27',"}}
[info] >        'strict-transport-security': 'max-age=31556926; includeSubDomains; preload' {"user":"      'strict-transport-security': 'max-age=31556926; includeSubDomains; preload'","metadata":{"emulator":{"name":"functions"},"function":{"name":"us-central1-api"},"extension":{},"message":"\u001b[90m> \u001b[39m       'strict-transport-security': 'max-age=31556926; includeSubDomains; preload'"}}
[info] >      }, {"user":"    },","metadata":{"emulator":{"name":"functions"},"function":{"name":"us-central1-api"},"extension":{},"message":"\u001b[90m> \u001b[39m     },"}}
[info] >      statusCode: 400, {"user":"    statusCode: 400,","metadata":{"emulator":{"name":"functions"},"function":{"name":"us-central1-api"},"extension":{},"message":"\u001b[90m> \u001b[39m     statusCode: 400,"}}
[info] >      requestId: 'req_65RvJ0IsJPX5Mg' {"user":"    requestId: 'req_65RvJ0IsJPX5Mg'","metadata":{"emulator":{"name":"functions"},"function":{"name":"us-central1-api"},"extension":{},"message":"\u001b[90m> \u001b[39m     requestId: 'req_65RvJ0IsJPX5Mg'"}}
[info] >    }, {"user":"  },","metadata":{"emulator":{"name":"functions"},"function":{"name":"us-central1-api"},"extension":{},"message":"\u001b[90m> \u001b[39m   },"}}
[info] >    rawType: 'invalid_request_error', {"user":"  rawType: 'invalid_request_error',","metadata":{"emulator":{"name":"functions"},"function":{"name":"us-central1-api"},"extension":{},"message":"\u001b[90m> \u001b[39m   rawType: 'invalid_request_error',"}}
[info] >    code: 'parameter_invalid_integer', {"user":"  code: 'parameter_invalid_integer',","metadata":{"emulator":{"name":"functions"},"function":{"name":"us-central1-api"},"extension":{},"message":"\u001b[90m> \u001b[39m   code: 'parameter_invalid_integer',"}}
[info] >    doc_url: 'https://stripe.com/docs/error-codes/parameter-invalid-integer', {"user":"  doc_url: 'https://stripe.com/docs/error-codes/parameter-invalid-integer',","metadata":{"emulator":{"name":"functions"},"function":{"name":"us-central1-api"},"extension":{},"message":"\u001b[90m> \u001b[39m   doc_url: 'https://stripe.com/docs/error-codes/parameter-invalid-integer',"}}
[info] >    param: 'amount', {"user":"  param: 'amount',","metadata":{"emulator":{"name":"functions"},"function":{"name":"us-central1-api"},"extension":{},"message":"\u001b[90m> \u001b[39m   param: 'amount',"}}
[info] >    detail: undefined, {"user":"  detail: undefined,","metadata":{"emulator":{"name":"functions"},"function":{"name":"us-central1-api"},"extension":{},"message":"\u001b[90m> \u001b[39m   detail: undefined,"}}
[info] >    headers: { {"user":"  headers: {","metadata":{"emulator":{"name":"functions"},"function":{"name":"us-central1-api"},"extension":{},"message":"\u001b[90m> \u001b[39m   headers: {"}}
[info] >      server: 'nginx', {"user":"    server: 'nginx',","metadata":{"emulator":{"name":"functions"},"function":{"name":"us-central1-api"},"extension":{},"message":"\u001b[90m> \u001b[39m     server: 'nginx',"}}
[info] >      date: 'Mon, 27 Jun 2022 08:42:59 GMT', {"user":"    date: 'Mon, 27 Jun 2022 08:42:59 GMT',","metadata":{"emulator":{"name":"functions"},"function":{"name":"us-central1-api"},"extension":{},"message":"\u001b[90m> \u001b[39m     date: 'Mon, 27 Jun 2022 08:42:59 GMT',"}}
[info] >      'content-type': 'application/json', {"user":"    'content-type': 'application/json',","metadata":{"emulator":{"name":"functions"},"function":{"name":"us-central1-api"},"extension":{},"message":"\u001b[90m> \u001b[39m     'content-type': 'application/json',"}}
[info] >      'content-length': '266', {"user":"    'content-length': '266',","metadata":{"emulator":{"name":"functions"},"function":{"name":"us-central1-api"},"extension":{},"message":"\u001b[90m> \u001b[39m     'content-length': '266',"}}
[info] >      connection: 'keep-alive', {"user":"    connection: 'keep-alive',","metadata":{"emulator":{"name":"functions"},"function":{"name":"us-central1-api"},"extension":{},"message":"\u001b[90m> \u001b[39m     connection: 'keep-alive',"}}
[info] >      'access-control-allow-credentials': 'true', {"user":"    'access-control-allow-credentials': 'true',","metadata":{"emulator":{"name":"functions"},"function":{"name":"us-central1-api"},"extension":{},"message":"\u001b[90m> \u001b[39m     'access-control-allow-credentials': 'true',"}}
[info] >      'access-control-allow-methods': 'GET, POST, HEAD, OPTIONS, DELETE', {"user":"    'access-control-allow-methods': 'GET, POST, HEAD, OPTIONS, DELETE',","metadata":{"emulator":{"name":"functions"},"function":{"name":"us-central1-api"},"extension":{},"message":"\u001b[90m> \u001b[39m     'access-control-allow-methods': 'GET, POST, HEAD, OPTIONS, DELETE',"}}
[info] >      'access-control-allow-origin': '*', {"user":"    'access-control-allow-origin': '*',","metadata":{"emulator":{"name":"functions"},"function":{"name":"us-central1-api"},"extension":{},"message":"\u001b[90m> \u001b[39m     'access-control-allow-origin': '*',"}}
[info] >      'access-control-expose-headers': 'Request-Id, Stripe-Manage-Version, X-Stripe-External-Auth-Required, X-Stripe-Privileged-Session-Required', {"user":"    'access-control-expose-headers': 'Request-Id, Stripe-Manage-Version, X-Stripe-External-Auth-Required, X-Stripe-Privileged-Session-Required',","metadata":{"emulator":{"name":"functions"},"function":{"name":"us-central1-api"},"extension":{},"message":"\u001b[90m> \u001b[39m     'access-control-expose-headers': 'Request-Id, Stripe-Manage-Version, X-Stripe-External-Auth-Required, X-Stripe-Privileged-Session-Required',"}}
[info] >      'access-control-max-age': '300', {"user":"    'access-control-max-age': '300',","metadata":{"emulator":{"name":"functions"},"function":{"name":"us-central1-api"},"extension":{},"message":"\u001b[90m> \u001b[39m     'access-control-max-age': '300',"}}
[info] >      'cache-control': 'no-cache, no-store', {"user":"    'cache-control': 'no-cache, no-store',","metadata":{"emulator":{"name":"functions"},"function":{"name":"us-central1-api"},"extension":{},"message":"\u001b[90m> \u001b[39m     'cache-control': 'no-cache, no-store',"}}
[info] >      'idempotency-key': 'b689389d-d8a5-45da-adf3-cea3a11c6763', {"user":"    'idempotency-key': 'b689389d-d8a5-45da-adf3-cea3a11c6763',","metadata":{"emulator":{"name":"functions"},"function":{"name":"us-central1-api"},"extension":{},"message":"\u001b[90m> \u001b[39m     'idempotency-key': 'b689389d-d8a5-45da-adf3-cea3a11c6763',"}}
[info] >      'original-request': 'req_65RvJ0IsJPX5Mg', {"user":"    'original-request': 'req_65RvJ0IsJPX5Mg',","metadata":{"emulator":{"name":"functions"},"function":{"name":"us-central1-api"},"extension":{},"message":"\u001b[90m> \u001b[39m     'original-request': 'req_65RvJ0IsJPX5Mg',"}}
[info] >      'request-id': 'req_65RvJ0IsJPX5Mg', {"user":"    'request-id': 'req_65RvJ0IsJPX5Mg',","metadata":{"emulator":{"name":"functions"},"function":{"name":"us-central1-api"},"extension":{},"message":"\u001b[90m> \u001b[39m     'request-id': 'req_65RvJ0IsJPX5Mg',"}}
[info] >      'stripe-version': '2020-08-27', {"user":"    'stripe-version': '2020-08-27',","metadata":{"emulator":{"name":"functions"},"function":{"name":"us-central1-api"},"extension":{},"message":"\u001b[90m> \u001b[39m     'stripe-version': '2020-08-27',"}}
[info] >      'strict-transport-security': 'max-age=31556926; includeSubDomains; preload' {"user":"    'strict-transport-security': 'max-age=31556926; includeSubDomains; preload'","metadata":{"emulator":{"name":"functions"},"function":{"name":"us-central1-api"},"extension":{},"message":"\u001b[90m> \u001b[39m     'strict-transport-security': 'max-age=31556926; includeSubDomains; preload'"}}
[info] >    }, {"user":"  },","metadata":{"emulator":{"name":"functions"},"function":{"name":"us-central1-api"},"extension":{},"message":"\u001b[90m> \u001b[39m   },"}}
[info] >    requestId: 'req_65RvJ0IsJPX5Mg', {"user":"  requestId: 'req_65RvJ0IsJPX5Mg',","metadata":{"emulator":{"name":"functions"},"function":{"name":"us-central1-api"},"extension":{},"message":"\u001b[90m> \u001b[39m   requestId: 'req_65RvJ0IsJPX5Mg',"}}
[info] >    statusCode: 400, {"user":"  statusCode: 400,","metadata":{"emulator":{"name":"functions"},"function":{"name":"us-central1-api"},"extension":{},"message":"\u001b[90m> \u001b[39m   statusCode: 400,"}}
[info] >    charge: undefined, {"user":"  charge: undefined,","metadata":{"emulator":{"name":"functions"},"function":{"name":"us-central1-api"},"extension":{},"message":"\u001b[90m> \u001b[39m   charge: undefined,"}}
[info] >    decline_code: undefined, {"user":"  decline_code: undefined,","metadata":{"emulator":{"name":"functions"},"function":{"name":"us-central1-api"},"extension":{},"message":"\u001b[90m> \u001b[39m   decline_code: undefined,"}}
[info] >    payment_intent: undefined, {"user":"  payment_intent: undefined,","metadata":{"emulator":{"name":"functions"},"function":{"name":"us-central1-api"},"extension":{},"message":"\u001b[90m> \u001b[39m   payment_intent: undefined,"}}
[info] >    payment_method: undefined, {"user":"  payment_method: undefined,","metadata":{"emulator":{"name":"functions"},"function":{"name":"us-central1-api"},"extension":{},"message":"\u001b[90m> \u001b[39m   payment_method: undefined,"}}
[info] >    payment_method_type: undefined, {"user":"  payment_method_type: undefined,","metadata":{"emulator":{"name":"functions"},"function":{"name":"us-central1-api"},"extension":{},"message":"\u001b[90m> \u001b[39m   payment_method_type: undefined,"}}
[info] >    setup_intent: undefined, {"user":"  setup_intent: undefined,","metadata":{"emulator":{"name":"functions"},"function":{"name":"us-central1-api"},"extension":{},"message":"\u001b[90m> \u001b[39m   setup_intent: undefined,"}}
[info] >    source: undefined {"user":"  source: undefined","metadata":{"emulator":{"name":"functions"},"function":{"name":"us-central1-api"},"extension":{},"message":"\u001b[90m> \u001b[39m   source: undefined"}}
[info] >  } {"user":"}","metadata":{"emulator":{"name":"functions"},"function":{"name":"us-central1-api"},"extension":{},"message":"\u001b[90m> \u001b[39m }"}}
[info] >  /home/pratham/web_projects/amazon-clone/Amazon-clone/functions/node_modules/stripe/lib/Error.js:40 {"user":"/home/pratham/web_projects/amazon-clone/Amazon-clone/functions/node_modules/stripe/lib/Error.js:40","metadata":{"emulator":{"name":"functions"},"function":{"name":"us-central1-api"},"extension":{},"message":"\u001b[90m> \u001b[39m /home/pratham/web_projects/amazon-clone/Amazon-clone/functions/node_modules/stripe/lib/Error.js:40"}}
[info] >          return new StripeInvalidRequestError(rawStripeError); {"user":"        return new StripeInvalidRequestError(rawStripeError);","metadata":{"emulator":{"name":"functions"},"function":{"name":"us-central1-api"},"extension":{},"message":"\u001b[90m> \u001b[39m         return new StripeInvalidRequestError(rawStripeError);"}}
[info] >                 ^ {"user":"               ^","metadata":{"emulator":{"name":"functions"},"function":{"name":"us-central1-api"},"extension":{},"message":"\u001b[90m> \u001b[39m                ^"}}
[info] >   {"user":"","metadata":{"emulator":{"name":"functions"},"function":{"name":"us-central1-api"},"extension":{},"message":"\u001b[90m> \u001b[39m "}}
[info] >  StripeInvalidRequestError: This value must be greater than or equal to 1. {"user":"StripeInvalidRequestError: This value must be greater than or equal to 1.","metadata":{"emulator":{"name":"functions"},"function":{"name":"us-central1-api"},"extension":{},"message":"\u001b[90m> \u001b[39m StripeInvalidRequestError: This value must be greater than or equal to 1."}}
[info] >      at Function.generate (/home/pratham/web_projects/amazon-clone/Amazon-clone/functions/node_modules/stripe/lib/Error.js:40:16) {"user":"    at Function.generate (/home/pratham/web_projects/amazon-clone/Amazon-clone/functions/node_modules/stripe/lib/Error.js:40:16)","metadata":{"emulator":{"name":"functions"},"function":{"name":"us-central1-api"},"extension":{},"message":"\u001b[90m> \u001b[39m     at Function.generate (/home/pratham/web_projects/amazon-clone/Amazon-clone/functions/node_modules/stripe/lib/Error.js:40:16)"}}
[info] >      at res.toJSON.then.StripeAPIError.message (/home/pratham/web_projects/amazon-clone/Amazon-clone/functions/node_modules/stripe/lib/StripeResource.js:226:35) {"user":"    at res.toJSON.then.StripeAPIError.message (/home/pratham/web_projects/amazon-clone/Amazon-clone/functions/node_modules/stripe/lib/StripeResource.js:226:35)","metadata":{"emulator":{"name":"functions"},"function":{"name":"us-central1-api"},"extension":{},"message":"\u001b[90m> \u001b[39m     at res.toJSON.then.StripeAPIError.message (/home/pratham/web_projects/amazon-clone/Amazon-clone/functions/node_modules/stripe/lib/StripeResource.js:226:35)"}}
[info] >      at processTicksAndRejections (node:internal/process/task_queues:96:5) { {"user":"    at processTicksAndRejections (node:internal/process/task_queues:96:5) {","metadata":{"emulator":{"name":"functions"},"function":{"name":"us-central1-api"},"extension":{},"message":"\u001b[90m> \u001b[39m     at processTicksAndRejections (node:internal/process/task_queues:96:5) {"}}
[info] >    type: 'StripeInvalidRequestError', {"user":"  type: 'StripeInvalidRequestError',","metadata":{"emulator":{"name":"functions"},"function":{"name":"us-central1-api"},"extension":{},"message":"\u001b[90m> \u001b[39m   type: 'StripeInvalidRequestError',"}}
[info] >    raw: { {"user":"  raw: {","metadata":{"emulator":{"name":"functions"},"function":{"name":"us-central1-api"},"extension":{},"message":"\u001b[90m> \u001b[39m   raw: {"}}
[info] >      code: 'parameter_invalid_integer', {"user":"    code: 'parameter_invalid_integer',","metadata":{"emulator":{"name":"functions"},"function":{"name":"us-central1-api"},"extension":{},"message":"\u001b[90m> \u001b[39m     code: 'parameter_invalid_integer',"}}
[info] >      doc_url: 'https://stripe.com/docs/error-codes/parameter-invalid-integer', {"user":"    doc_url: 'https://stripe.com/docs/error-codes/parameter-invalid-integer',","metadata":{"emulator":{"name":"functions"},"function":{"name":"us-central1-api"},"extension":{},"message":"\u001b[90m> \u001b[39m     doc_url: 'https://stripe.com/docs/error-codes/parameter-invalid-integer',"}}
[info] >      message: 'This value must be greater than or equal to 1.', {"user":"    message: 'This value must be greater than or equal to 1.',","metadata":{"emulator":{"name":"functions"},"function":{"name":"us-central1-api"},"extension":{},"message":"\u001b[90m> \u001b[39m     message: 'This value must be greater than or equal to 1.',"}}
[info] >      param: 'amount', {"user":"    param: 'amount',","metadata":{"emulator":{"name":"functions"},"function":{"name":"us-central1-api"},"extension":{},"message":"\u001b[90m> \u001b[39m     param: 'amount',"}}
[info] >      type: 'invalid_request_error', {"user":"    type: 'invalid_request_error',","metadata":{"emulator":{"name":"functions"},"function":{"name":"us-central1-api"},"extension":{},"message":"\u001b[90m> \u001b[39m     type: 'invalid_request_error',"}}
[info] >      headers: { {"user":"    headers: {","metadata":{"emulator":{"name":"functions"},"function":{"name":"us-central1-api"},"extension":{},"message":"\u001b[90m> \u001b[39m     headers: {"}}
[info] >        server: 'nginx', {"user":"      server: 'nginx',","metadata":{"emulator":{"name":"functions"},"function":{"name":"us-central1-api"},"extension":{},"message":"\u001b[90m> \u001b[39m       server: 'nginx',"}}
[info] >        date: 'Mon, 27 Jun 2022 08:42:59 GMT', {"user":"      date: 'Mon, 27 Jun 2022 08:42:59 GMT',","metadata":{"emulator":{"name":"functions"},"function":{"name":"us-central1-api"},"extension":{},"message":"\u001b[90m> \u001b[39m       date: 'Mon, 27 Jun 2022 08:42:59 GMT',"}}
[info] >        'content-type': 'application/json', {"user":"      'content-type': 'application/json',","metadata":{"emulator":{"name":"functions"},"function":{"name":"us-central1-api"},"extension":{},"message":"\u001b[90m> \u001b[39m       'content-type': 'application/json',"}}
[info] >        'content-length': '266', {"user":"      'content-length': '266',","metadata":{"emulator":{"name":"functions"},"function":{"name":"us-central1-api"},"extension":{},"message":"\u001b[90m> \u001b[39m       'content-length': '266',"}}
[info] >        connection: 'keep-alive', {"user":"      connection: 'keep-alive',","metadata":{"emulator":{"name":"functions"},"function":{"name":"us-central1-api"},"extension":{},"message":"\u001b[90m> \u001b[39m       connection: 'keep-alive',"}}
[info] >        'access-control-allow-credentials': 'true', {"user":"      'access-control-allow-credentials': 'true',","metadata":{"emulator":{"name":"functions"},"function":{"name":"us-central1-api"},"extension":{},"message":"\u001b[90m> \u001b[39m       'access-control-allow-credentials': 'true',"}}
[info] >        'access-control-allow-methods': 'GET, POST, HEAD, OPTIONS, DELETE', {"user":"      'access-control-allow-methods': 'GET, POST, HEAD, OPTIONS, DELETE',","metadata":{"emulator":{"name":"functions"},"function":{"name":"us-central1-api"},"extension":{},"message":"\u001b[90m> \u001b[39m       'access-control-allow-methods': 'GET, POST, HEAD, OPTIONS, DELETE',"}}
[info] >        'access-control-allow-origin': '*', {"user":"      'access-control-allow-origin': '*',","metadata":{"emulator":{"name":"functions"},"function":{"name":"us-central1-api"},"extension":{},"message":"\u001b[90m> \u001b[39m       'access-control-allow-origin': '*',"}}
[info] >        'access-control-expose-headers': 'Request-Id, Stripe-Manage-Version, X-Stripe-External-Auth-Required, X-Stripe-Privileged-Session-Required', {"user":"      'access-control-expose-headers': 'Request-Id, Stripe-Manage-Version, X-Stripe-External-Auth-Required, X-Stripe-Privileged-Session-Required',","metadata":{"emulator":{"name":"functions"},"function":{"name":"us-central1-api"},"extension":{},"message":"\u001b[90m> \u001b[39m       'access-control-expose-headers': 'Request-Id, Stripe-Manage-Version, X-Stripe-External-Auth-Required, X-Stripe-Privileged-Session-Required',"}}
[info] >        'access-control-max-age': '300', {"user":"      'access-control-max-age': '300',","metadata":{"emulator":{"name":"functions"},"function":{"name":"us-central1-api"},"extension":{},"message":"\u001b[90m> \u001b[39m       'access-control-max-age': '300',"}}
[info] >        'cache-control': 'no-cache, no-store', {"user":"      'cache-control': 'no-cache, no-store',","metadata":{"emulator":{"name":"functions"},"function":{"name":"us-central1-api"},"extension":{},"message":"\u001b[90m> \u001b[39m       'cache-control': 'no-cache, no-store',"}}
[info] >        'idempotency-key': 'bb106331-e321-4cec-9629-8ed7fd948f80', {"user":"      'idempotency-key': 'bb106331-e321-4cec-9629-8ed7fd948f80',","metadata":{"emulator":{"name":"functions"},"function":{"name":"us-central1-api"},"extension":{},"message":"\u001b[90m> \u001b[39m       'idempotency-key': 'bb106331-e321-4cec-9629-8ed7fd948f80',"}}
[info] >        'original-request': 'req_ffNnBYwBtlzA8o', {"user":"      'original-request': 'req_ffNnBYwBtlzA8o',","metadata":{"emulator":{"name":"functions"},"function":{"name":"us-central1-api"},"extension":{},"message":"\u001b[90m> \u001b[39m       'original-request': 'req_ffNnBYwBtlzA8o',"}}
[info] >        'request-id': 'req_ffNnBYwBtlzA8o', {"user":"      'request-id': 'req_ffNnBYwBtlzA8o',","metadata":{"emulator":{"name":"functions"},"function":{"name":"us-central1-api"},"extension":{},"message":"\u001b[90m> \u001b[39m       'request-id': 'req_ffNnBYwBtlzA8o',"}}
[info] >        'stripe-version': '2020-08-27', {"user":"      'stripe-version': '2020-08-27',","metadata":{"emulator":{"name":"functions"},"function":{"name":"us-central1-api"},"extension":{},"message":"\u001b[90m> \u001b[39m       'stripe-version': '2020-08-27',"}}
[info] >        'strict-transport-security': 'max-age=31556926; includeSubDomains; preload' {"user":"      'strict-transport-security': 'max-age=31556926; includeSubDomains; preload'","metadata":{"emulator":{"name":"functions"},"function":{"name":"us-central1-api"},"extension":{},"message":"\u001b[90m> \u001b[39m       'strict-transport-security': 'max-age=31556926; includeSubDomains; preload'"}}
[info] >      }, {"user":"    },","metadata":{"emulator":{"name":"functions"},"function":{"name":"us-central1-api"},"extension":{},"message":"\u001b[90m> \u001b[39m     },"}}
[info] >      statusCode: 400, {"user":"    statusCode: 400,","metadata":{"emulator":{"name":"functions"},"function":{"name":"us-central1-api"},"extension":{},"message":"\u001b[90m> \u001b[39m     statusCode: 400,"}}
[info] >      requestId: 'req_ffNnBYwBtlzA8o' {"user":"    requestId: 'req_ffNnBYwBtlzA8o'","metadata":{"emulator":{"name":"functions"},"function":{"name":"us-central1-api"},"extension":{},"message":"\u001b[90m> \u001b[39m     requestId: 'req_ffNnBYwBtlzA8o'"}}
[info] >    }, {"user":"  },","metadata":{"emulator":{"name":"functions"},"function":{"name":"us-central1-api"},"extension":{},"message":"\u001b[90m> \u001b[39m   },"}}
[info] >    rawType: 'invalid_request_error', {"user":"  rawType: 'invalid_request_error',","metadata":{"emulator":{"name":"functions"},"function":{"name":"us-central1-api"},"extension":{},"message":"\u001b[90m> \u001b[39m   rawType: 'invalid_request_error',"}}
[info] >    code: 'parameter_invalid_integer', {"user":"  code: 'parameter_invalid_integer',","metadata":{"emulator":{"name":"functions"},"function":{"name":"us-central1-api"},"extension":{},"message":"\u001b[90m> \u001b[39m   code: 'parameter_invalid_integer',"}}
[info] >    doc_url: 'https://stripe.com/docs/error-codes/parameter-invalid-integer', {"user":"  doc_url: 'https://stripe.com/docs/error-codes/parameter-invalid-integer',","metadata":{"emulator":{"name":"functions"},"function":{"name":"us-central1-api"},"extension":{},"message":"\u001b[90m> \u001b[39m   doc_url: 'https://stripe.com/docs/error-codes/parameter-invalid-integer',"}}
[info] >    param: 'amount', {"user":"  param: 'amount',","metadata":{"emulator":{"name":"functions"},"function":{"name":"us-central1-api"},"extension":{},"message":"\u001b[90m> \u001b[39m   param: 'amount',"}}
[info] >    detail: undefined, {"user":"  detail: undefined,","metadata":{"emulator":{"name":"functions"},"function":{"name":"us-central1-api"},"extension":{},"message":"\u001b[90m> \u001b[39m   detail: undefined,"}}
[info] >    headers: { {"user":"  headers: {","metadata":{"emulator":{"name":"functions"},"function":{"name":"us-central1-api"},"extension":{},"message":"\u001b[90m> \u001b[39m   headers: {"}}
[info] >      server: 'nginx', {"user":"    server: 'nginx',","metadata":{"emulator":{"name":"functions"},"function":{"name":"us-central1-api"},"extension":{},"message":"\u001b[90m> \u001b[39m     server: 'nginx',"}}
[info] >      date: 'Mon, 27 Jun 2022 08:42:59 GMT', {"user":"    date: 'Mon, 27 Jun 2022 08:42:59 GMT',","metadata":{"emulator":{"name":"functions"},"function":{"name":"us-central1-api"},"extension":{},"message":"\u001b[90m> \u001b[39m     date: 'Mon, 27 Jun 2022 08:42:59 GMT',"}}
[info] >      'content-type': 'application/json', {"user":"    'content-type': 'application/json',","metadata":{"emulator":{"name":"functions"},"function":{"name":"us-central1-api"},"extension":{},"message":"\u001b[90m> \u001b[39m     'content-type': 'application/json',"}}
[info] >      'content-length': '266', {"user":"    'content-length': '266',","metadata":{"emulator":{"name":"functions"},"function":{"name":"us-central1-api"},"extension":{},"message":"\u001b[90m> \u001b[39m     'content-length': '266',"}}
[info] >      connection: 'keep-alive', {"user":"    connection: 'keep-alive',","metadata":{"emulator":{"name":"functions"},"function":{"name":"us-central1-api"},"extension":{},"message":"\u001b[90m> \u001b[39m     connection: 'keep-alive',"}}
[info] >      'access-control-allow-credentials': 'true', {"user":"    'access-control-allow-credentials': 'true',","metadata":{"emulator":{"name":"functions"},"function":{"name":"us-central1-api"},"extension":{},"message":"\u001b[90m> \u001b[39m     'access-control-allow-credentials': 'true',"}}
[info] >      'access-control-allow-methods': 'GET, POST, HEAD, OPTIONS, DELETE', {"user":"    'access-control-allow-methods': 'GET, POST, HEAD, OPTIONS, DELETE',","metadata":{"emulator":{"name":"functions"},"function":{"name":"us-central1-api"},"extension":{},"message":"\u001b[90m> \u001b[39m     'access-control-allow-methods': 'GET, POST, HEAD, OPTIONS, DELETE',"}}
[info] >      'access-control-allow-origin': '*', {"user":"    'access-control-allow-origin': '*',","metadata":{"emulator":{"name":"functions"},"function":{"name":"us-central1-api"},"extension":{},"message":"\u001b[90m> \u001b[39m     'access-control-allow-origin': '*',"}}
[info] >      'access-control-expose-headers': 'Request-Id, Stripe-Manage-Version, X-Stripe-External-Auth-Required, X-Stripe-Privileged-Session-Required', {"user":"    'access-control-expose-headers': 'Request-Id, Stripe-Manage-Version, X-Stripe-External-Auth-Required, X-Stripe-Privileged-Session-Required',","metadata":{"emulator":{"name":"functions"},"function":{"name":"us-central1-api"},"extension":{},"message":"\u001b[90m> \u001b[39m     'access-control-expose-headers': 'Request-Id, Stripe-Manage-Version, X-Stripe-External-Auth-Required, X-Stripe-Privileged-Session-Required',"}}
[info] >      'access-control-max-age': '300', {"user":"    'access-control-max-age': '300',","metadata":{"emulator":{"name":"functions"},"function":{"name":"us-central1-api"},"extension":{},"message":"\u001b[90m> \u001b[39m     'access-control-max-age': '300',"}}
[info] >      'cache-control': 'no-cache, no-store', {"user":"    'cache-control': 'no-cache, no-store',","metadata":{"emulator":{"name":"functions"},"function":{"name":"us-central1-api"},"extension":{},"message":"\u001b[90m> \u001b[39m     'cache-control': 'no-cache, no-store',"}}
[info] >      'idempotency-key': 'bb106331-e321-4cec-9629-8ed7fd948f80', {"user":"    'idempotency-key': 'bb106331-e321-4cec-9629-8ed7fd948f80',","metadata":{"emulator":{"name":"functions"},"function":{"name":"us-central1-api"},"extension":{},"message":"\u001b[90m> \u001b[39m     'idempotency-key': 'bb106331-e321-4cec-9629-8ed7fd948f80',"}}
[info] >      'original-request': 'req_ffNnBYwBtlzA8o', {"user":"    'original-request': 'req_ffNnBYwBtlzA8o',","metadata":{"emulator":{"name":"functions"},"function":{"name":"us-central1-api"},"extension":{},"message":"\u001b[90m> \u001b[39m     'original-request': 'req_ffNnBYwBtlzA8o',"}}
[info] >      'request-id': 'req_ffNnBYwBtlzA8o', {"user":"    'request-id': 'req_ffNnBYwBtlzA8o',","metadata":{"emulator":{"name":"functions"},"function":{"name":"us-central1-api"},"extension":{},"message":"\u001b[90m> \u001b[39m     'request-id': 'req_ffNnBYwBtlzA8o',"}}
[info] >      'stripe-version': '2020-08-27', {"user":"    'stripe-version': '2020-08-27',","metadata":{"emulator":{"name":"functions"},"function":{"name":"us-central1-api"},"extension":{},"message":"\u001b[90m> \u001b[39m     'stripe-version': '2020-08-27',"}}
[info] >      'strict-transport-security': 'max-age=31556926; includeSubDomains; preload' {"user":"    'strict-transport-security': 'max-age=31556926; includeSubDomains; preload'","metadata":{"emulator":{"name":"functions"},"function":{"name":"us-central1-api"},"extension":{},"message":"\u001b[90m> \u001b[39m     'strict-transport-security': 'max-age=31556926; includeSubDomains; preload'"}}
[info] >    }, {"user":"  },","metadata":{"emulator":{"name":"functions"},"function":{"name":"us-central1-api"},"extension":{},"message":"\u001b[90m> \u001b[39m   },"}}
[info] >    requestId: 'req_ffNnBYwBtlzA8o', {"user":"  requestId: 'req_ffNnBYwBtlzA8o',","metadata":{"emulator":{"name":"functions"},"function":{"name":"us-central1-api"},"extension":{},"message":"\u001b[90m> \u001b[39m   requestId: 'req_ffNnBYwBtlzA8o',"}}
[info] >    statusCode: 400, {"user":"  statusCode: 400,","metadata":{"emulator":{"name":"functions"},"function":{"name":"us-central1-api"},"extension":{},"message":"\u001b[90m> \u001b[39m   statusCode: 400,"}}
[info] >    charge: undefined, {"user":"  charge: undefined,","metadata":{"emulator":{"name":"functions"},"function":{"name":"us-central1-api"},"extension":{},"message":"\u001b[90m> \u001b[39m   charge: undefined,"}}
[info] >    decline_code: undefined, {"user":"  decline_code: undefined,","metadata":{"emulator":{"name":"functions"},"function":{"name":"us-central1-api"},"extension":{},"message":"\u001b[90m> \u001b[39m   decline_code: undefined,"}}
[info] >    payment_intent: undefined, {"user":"  payment_intent: undefined,","metadata":{"emulator":{"name":"functions"},"function":{"name":"us-central1-api"},"extension":{},"message":"\u001b[90m> \u001b[39m   payment_intent: undefined,"}}
[info] >    payment_method: undefined, {"user":"  payment_method: undefined,","metadata":{"emulator":{"name":"functions"},"function":{"name":"us-central1-api"},"extension":{},"message":"\u001b[90m> \u001b[39m   payment_method: undefined,"}}
[info] >    payment_method_type: undefined, {"user":"  payment_method_type: undefined,","metadata":{"emulator":{"name":"functions"},"function":{"name":"us-central1-api"},"extension":{},"message":"\u001b[90m> \u001b[39m   payment_method_type: undefined,"}}
[info] >    setup_intent: undefined, {"user":"  setup_intent: undefined,","metadata":{"emulator":{"name":"functions"},"function":{"name":"us-central1-api"},"extension":{},"message":"\u001b[90m> \u001b[39m   setup_intent: undefined,"}}
[info] >    source: undefined {"user":"  source: undefined","metadata":{"emulator":{"name":"functions"},"function":{"name":"us-central1-api"},"extension":{},"message":"\u001b[90m> \u001b[39m   source: undefined"}}
[info] >  } {"user":"}","metadata":{"emulator":{"name":"functions"},"function":{"name":"us-central1-api"},"extension":{},"message":"\u001b[90m> \u001b[39m }"}}
[debug] [2022-06-27T08:42:59.189Z] [worker-us-central1-api-0614368e-9416-4c63-bcbb-ec820f6861e3]: exited {"metadata":{"emulator":{"name":"functions"},"message":"[worker-us-central1-api-0614368e-9416-4c63-bcbb-ec820f6861e3]: exited"}}
[debug] [2022-06-27T08:42:59.189Z] [worker-us-central1-api-0614368e-9416-4c63-bcbb-ec820f6861e3]: FINISHED {"metadata":{"emulator":{"name":"functions"},"message":"[worker-us-central1-api-0614368e-9416-4c63-bcbb-ec820f6861e3]: FINISHED"}}
[debug] [2022-06-27T08:42:59.189Z] [work-queue] {"queueLength":0,"workRunningCount":1}
[debug] [2022-06-27T08:42:59.189Z] [worker-us-central1-api-3737cf01-360b-4da5-af4a-309dbc0c8867]: exited {"metadata":{"emulator":{"name":"functions"},"message":"[worker-us-central1-api-3737cf01-360b-4da5-af4a-309dbc0c8867]: exited"}}
[debug] [2022-06-27T08:42:59.189Z] [worker-us-central1-api-3737cf01-360b-4da5-af4a-309dbc0c8867]: FINISHED {"metadata":{"emulator":{"name":"functions"},"message":"[worker-us-central1-api-3737cf01-360b-4da5-af4a-309dbc0c8867]: FINISHED"}}
[debug] [2022-06-27T08:42:59.190Z] [work-queue] {"queueLength":0,"workRunningCount":0}
[debug] [2022-06-27T08:43:25.455Z] File /home/pratham/web_projects/amazon-clone/Amazon-clone/functions/index.js changed, reloading triggers {"metadata":{"emulator":{"name":"functions"},"message":"File /home/pratham/web_projects/amazon-clone/Amazon-clone/functions/index.js changed, reloading triggers"}}
[debug] [2022-06-27T08:43:26.456Z] Validating nodejs source
[debug] [2022-06-27T08:43:28.338Z] > [functions] package.json contents: {
  "name": "functions",
  "description": "Cloud Functions for Firebase",
  "scripts": {
    "lint": "eslint .",
    "serve": "firebase emulators:start --only functions",
    "shell": "firebase functions:shell",
    "start": "npm run shell",
    "deploy": "firebase deploy --only functions",
    "logs": "firebase functions:log"
  },
  "engines": {
    "node": "16"
  },
  "main": "index.js",
  "dependencies": {
    "cors": "^2.8.5",
    "express": "^4.18.1",
    "firebase-admin": "^10.0.2",
    "firebase-functions": "^3.18.0",
    "stripe": "^9.10.0"
  },
  "devDependencies": {
    "eslint": "^8.9.0",
    "eslint-config-google": "^0.14.0",
    "firebase-functions-test": "^0.2.0"
  },
  "private": true
}
[debug] [2022-06-27T08:43:28.339Z] Building nodejs source
[debug] [2022-06-27T08:43:28.339Z] Analyzing nodejs backend spec
[debug] [2022-06-27T08:43:28.341Z] Could not find functions.yaml. Must use http discovery
[debug] [2022-06-27T08:43:28.610Z] Serving at port 9005

[debug] [2022-06-27T08:43:28.777Z] Got response from /__/functions.yaml {"endpoints":{"api":{"platform":"gcfv1","httpsTrigger":{},"entryPoint":"api"}},"specVersion":"v1alpha1","requiredAPIs":[]}
[debug] [2022-06-27T08:43:28.789Z] shutdown requested via /__/quitquitquit

[debug] [2022-06-27T08:43:30.233Z] File /home/pratham/web_projects/amazon-clone/Amazon-clone/functions/index.js changed, reloading triggers {"metadata":{"emulator":{"name":"functions"},"message":"File /home/pratham/web_projects/amazon-clone/Amazon-clone/functions/index.js changed, reloading triggers"}}
[debug] [2022-06-27T08:43:31.236Z] Validating nodejs source
[debug] [2022-06-27T08:43:33.132Z] > [functions] package.json contents: {
  "name": "functions",
  "description": "Cloud Functions for Firebase",
  "scripts": {
    "lint": "eslint .",
    "serve": "firebase emulators:start --only functions",
    "shell": "firebase functions:shell",
    "start": "npm run shell",
    "deploy": "firebase deploy --only functions",
    "logs": "firebase functions:log"
  },
  "engines": {
    "node": "16"
  },
  "main": "index.js",
  "dependencies": {
    "cors": "^2.8.5",
    "express": "^4.18.1",
    "firebase-admin": "^10.0.2",
    "firebase-functions": "^3.18.0",
    "stripe": "^9.10.0"
  },
  "devDependencies": {
    "eslint": "^8.9.0",
    "eslint-config-google": "^0.14.0",
    "firebase-functions-test": "^0.2.0"
  },
  "private": true
}
[debug] [2022-06-27T08:43:33.132Z] Building nodejs source
[debug] [2022-06-27T08:43:33.133Z] Analyzing nodejs backend spec
[debug] [2022-06-27T08:43:33.133Z] Could not find functions.yaml. Must use http discovery
[debug] [2022-06-27T08:43:33.395Z] Serving at port 9005

[debug] [2022-06-27T08:43:33.623Z] Got response from /__/functions.yaml {"endpoints":{"api":{"platform":"gcfv1","httpsTrigger":{},"entryPoint":"api"}},"specVersion":"v1alpha1","requiredAPIs":[]}
[debug] [2022-06-27T08:43:33.639Z] shutdown requested via /__/quitquitquit

[debug] [2022-06-27T08:43:51.643Z] File /home/pratham/web_projects/amazon-clone/Amazon-clone/functions/index.js changed, reloading triggers {"metadata":{"emulator":{"name":"functions"},"message":"File /home/pratham/web_projects/amazon-clone/Amazon-clone/functions/index.js changed, reloading triggers"}}
[debug] [2022-06-27T08:43:52.648Z] Validating nodejs source
[debug] [2022-06-27T08:43:54.471Z] > [functions] package.json contents: {
  "name": "functions",
  "description": "Cloud Functions for Firebase",
  "scripts": {
    "lint": "eslint .",
    "serve": "firebase emulators:start --only functions",
    "shell": "firebase functions:shell",
    "start": "npm run shell",
    "deploy": "firebase deploy --only functions",
    "logs": "firebase functions:log"
  },
  "engines": {
    "node": "16"
  },
  "main": "index.js",
  "dependencies": {
    "cors": "^2.8.5",
    "express": "^4.18.1",
    "firebase-admin": "^10.0.2",
    "firebase-functions": "^3.18.0",
    "stripe": "^9.10.0"
  },
  "devDependencies": {
    "eslint": "^8.9.0",
    "eslint-config-google": "^0.14.0",
    "firebase-functions-test": "^0.2.0"
  },
  "private": true
}
[debug] [2022-06-27T08:43:54.472Z] Building nodejs source
[debug] [2022-06-27T08:43:54.472Z] Analyzing nodejs backend spec
[debug] [2022-06-27T08:43:54.473Z] Could not find functions.yaml. Must use http discovery
[debug] [2022-06-27T08:43:54.735Z] Serving at port 9005

[debug] [2022-06-27T08:43:54.899Z] Got response from /__/functions.yaml {"endpoints":{"api":{"platform":"gcfv1","httpsTrigger":{},"entryPoint":"api"}},"specVersion":"v1alpha1","requiredAPIs":[]}
[debug] [2022-06-27T08:43:54.912Z] shutdown requested via /__/quitquitquit

[debug] [2022-06-27T08:44:11.113Z] File /home/pratham/web_projects/amazon-clone/Amazon-clone/functions/index.js changed, reloading triggers {"metadata":{"emulator":{"name":"functions"},"message":"File /home/pratham/web_projects/amazon-clone/Amazon-clone/functions/index.js changed, reloading triggers"}}
[debug] [2022-06-27T08:44:12.116Z] Validating nodejs source
[debug] [2022-06-27T08:44:14.047Z] > [functions] package.json contents: {
  "name": "functions",
  "description": "Cloud Functions for Firebase",
  "scripts": {
    "lint": "eslint .",
    "serve": "firebase emulators:start --only functions",
    "shell": "firebase functions:shell",
    "start": "npm run shell",
    "deploy": "firebase deploy --only functions",
    "logs": "firebase functions:log"
  },
  "engines": {
    "node": "16"
  },
  "main": "index.js",
  "dependencies": {
    "cors": "^2.8.5",
    "express": "^4.18.1",
    "firebase-admin": "^10.0.2",
    "firebase-functions": "^3.18.0",
    "stripe": "^9.10.0"
  },
  "devDependencies": {
    "eslint": "^8.9.0",
    "eslint-config-google": "^0.14.0",
    "firebase-functions-test": "^0.2.0"
  },
  "private": true
}
[debug] [2022-06-27T08:44:14.047Z] Building nodejs source
[debug] [2022-06-27T08:44:14.047Z] Analyzing nodejs backend spec
[debug] [2022-06-27T08:44:14.048Z] Could not find functions.yaml. Must use http discovery
[debug] [2022-06-27T08:44:14.293Z] Serving at port 9005

[debug] [2022-06-27T08:44:14.445Z] Got response from /__/functions.yaml {"endpoints":{"api":{"platform":"gcfv1","httpsTrigger":{},"entryPoint":"api"}},"specVersion":"v1alpha1","requiredAPIs":[]}
[debug] [2022-06-27T08:44:14.455Z] shutdown requested via /__/quitquitquit

